<?xml version="1.0" encoding="UTF-8"?>
<testng-results ignored="0" total="1" passed="1" failed="0" skipped="0">
  <reporter-output>
  </reporter-output>
  <suite started-at="2023-08-29T13:33:19 IST" name="Suite" finished-at="2023-08-29T13:33:39 IST" duration-ms="19616">
    <groups>
    </groups>
    <test started-at="2023-08-29T13:33:19 IST" name="Test" finished-at="2023-08-29T13:33:39 IST" duration-ms="19616">
      <class name="com.wright.ui.PlayWrightRunner_1">
        <test-method is-config="true" signature="init()[pri:0, instance:com.wright.ui.PlayWrightRunner_1@a514af7]" started-at="2023-08-29T13:33:16 IST" name="init" finished-at="2023-08-29T13:33:19 IST" duration-ms="3775" status="PASS">
          <reporter-output>
          </reporter-output>
        </test-method> <!-- init -->
        <test-method is-config="true" signature="setUp()[pri:0, instance:com.wright.ui.PlayWrightRunner_1@a514af7]" started-at="2023-08-29T13:33:19 IST" name="setUp" finished-at="2023-08-29T13:33:23 IST" duration-ms="3253" status="PASS">
          <reporter-output>
          </reporter-output>
        </test-method> <!-- setUp -->
        <test-method signature="testGetStarted()[pri:0, instance:com.wright.ui.PlayWrightRunner_1@a514af7]" started-at="2023-08-29T13:33:23 IST" name="testGetStarted" finished-at="2023-08-29T13:33:38 IST" duration-ms="15712" status="PASS">
          <reporter-output>
          </reporter-output>
        </test-method> <!-- testGetStarted -->
        <test-method is-config="true" signature="tearDown()[pri:0, instance:com.wright.ui.PlayWrightRunner_1@a514af7]" started-at="2023-08-29T13:33:38 IST" name="tearDown" finished-at="2023-08-29T13:33:39 IST" duration-ms="619" status="PASS">
          <reporter-output>
          </reporter-output>
        </test-method> <!-- tearDown -->
      </class> <!-- com.wright.ui.PlayWrightRunner_1 -->
    </test> <!-- Test -->
  </suite> <!-- Suite -->
</testng-results>
