<?xml version="1.0" encoding="UTF-8"?>
<testng-results ignored="0" total="1" passed="1" failed="0" skipped="0">
  <reporter-output>
  </reporter-output>
  <suite started-at="2023-08-28T13:02:38 IST" name="Default suite" finished-at="2023-08-28T13:03:29 IST" duration-ms="50841">
    <groups>
    </groups>
    <test started-at="2023-08-28T13:02:38 IST" name="Default test" finished-at="2023-08-28T13:03:29 IST" duration-ms="50841">
      <class name="com.wright.ui.PlayWrightRunner_1">
        <test-method is-config="true" signature="init()[pri:0, instance:com.wright.ui.PlayWrightRunner_1@2ddc9a9f]" started-at="2023-08-28T13:02:34 IST" name="init" finished-at="2023-08-28T13:02:38 IST" duration-ms="3763" status="PASS">
          <reporter-output>
          </reporter-output>
        </test-method> <!-- init -->
        <test-method is-config="true" signature="setUp()[pri:0, instance:com.wright.ui.PlayWrightRunner_1@2ddc9a9f]" started-at="2023-08-28T13:02:38 IST" name="setUp" finished-at="2023-08-28T13:02:39 IST" duration-ms="1340" status="PASS">
          <reporter-output>
          </reporter-output>
        </test-method> <!-- setUp -->
        <test-method signature="testGetStarted()[pri:0, instance:com.wright.ui.PlayWrightRunner_1@2ddc9a9f]" started-at="2023-08-28T13:02:39 IST" name="testGetStarted" finished-at="2023-08-28T13:03:29 IST" duration-ms="49092" status="PASS">
          <reporter-output>
          </reporter-output>
        </test-method> <!-- testGetStarted -->
        <test-method is-config="true" signature="tearDown()[pri:0, instance:com.wright.ui.PlayWrightRunner_1@2ddc9a9f]" started-at="2023-08-28T13:03:29 IST" name="tearDown" finished-at="2023-08-28T13:03:29 IST" duration-ms="370" status="PASS">
          <reporter-output>
          </reporter-output>
        </test-method> <!-- tearDown -->
      </class> <!-- com.wright.ui.PlayWrightRunner_1 -->
    </test> <!-- Default test -->
  </suite> <!-- Default suite -->
</testng-results>
